16:10:41 :: DEBUG :: fantom answers
16:10:41 :: DEBUG :: question type ----- select character
16:10:41 :: DEBUG :: data -------------- [{'color': 'brown', 'suspect': True, 'position': 7, 'power': False}, {'color': 'white', 'suspect': True, 'position': 7, 'power': False}, {'color': 'red', 'suspect': True, 'position': 2, 'power': False}]
16:10:41 :: DEBUG :: response index ---- 2
16:10:41 :: DEBUG :: response ---------- {'color': 'red', 'suspect': True, 'position': 2, 'power': False}
16:10:41 :: DEBUG :: fantom answers
16:10:41 :: DEBUG :: question type ----- select position
16:10:41 :: DEBUG :: data -------------- [0, 1, 2, 3, 7]
16:10:41 :: DEBUG :: response index ---- 4
16:10:41 :: DEBUG :: response ---------- 7
16:10:41 :: DEBUG :: fantom answers
16:10:41 :: DEBUG :: question type ----- select character
16:10:41 :: DEBUG :: data -------------- [{'color': 'brown', 'suspect': True, 'position': 7, 'power': False}, {'color': 'white', 'suspect': True, 'position': 7, 'power': False}]
16:10:41 :: DEBUG :: response index ---- 0
16:10:41 :: DEBUG :: response ---------- {'color': 'brown', 'suspect': True, 'position': 7, 'power': False}
16:10:41 :: DEBUG :: fantom answers
16:10:41 :: DEBUG :: question type ----- activate brown power
16:10:41 :: DEBUG :: data -------------- [0, 1]
16:10:41 :: DEBUG :: response index ---- 0
16:10:41 :: DEBUG :: response ---------- 0
16:10:41 :: DEBUG :: fantom answers
16:10:41 :: DEBUG :: question type ----- select position
16:10:41 :: DEBUG :: data -------------- [0, 1, 2, 3, 4, 5, 6, 7, 8, 9]
16:10:41 :: DEBUG :: response index ---- 8
16:10:41 :: DEBUG :: response ---------- 8
16:10:41 :: DEBUG :: fantom answers
16:10:41 :: DEBUG :: question type ----- select character
16:10:41 :: DEBUG :: data -------------- [{'color': 'black', 'suspect': True, 'position': 2, 'power': False}, {'color': 'grey', 'suspect': False, 'position': 7, 'power': False}, {'color': 'pink', 'suspect': True, 'position': 8, 'power': False}, {'color': 'blue', 'suspect': True, 'position': 2, 'power': False}]
16:10:41 :: DEBUG :: response index ---- 1
16:10:41 :: DEBUG :: response ---------- {'color': 'grey', 'suspect': False, 'position': 7, 'power': False}
16:10:41 :: DEBUG :: fantom answers
16:10:41 :: DEBUG :: question type ----- select position
16:10:41 :: DEBUG :: data -------------- [2, 3, 5, 6, 7, 8, 9]
16:10:41 :: DEBUG :: response index ---- 6
16:10:41 :: DEBUG :: response ---------- 9
16:10:41 :: DEBUG :: fantom answers
16:10:41 :: DEBUG :: question type ----- grey character power
16:10:41 :: DEBUG :: data -------------- [0, 1, 2, 3, 4, 5, 6, 8, 9]
16:10:41 :: DEBUG :: response index ---- 7
16:10:41 :: DEBUG :: response ---------- 8
16:10:41 :: DEBUG :: fantom answers
16:10:41 :: DEBUG :: question type ----- select character
16:10:41 :: DEBUG :: data -------------- [{'color': 'black', 'suspect': True, 'position': 2, 'power': False}]
16:10:41 :: DEBUG :: response index ---- 0
16:10:41 :: DEBUG :: response ---------- {'color': 'black', 'suspect': True, 'position': 2, 'power': False}
16:10:41 :: DEBUG :: fantom answers
16:10:41 :: DEBUG :: question type ----- select position
16:10:41 :: DEBUG :: data -------------- [1, 3]
16:10:41 :: DEBUG :: response index ---- 1
16:10:41 :: DEBUG :: response ---------- 3
16:10:41 :: DEBUG :: fantom answers
16:10:41 :: DEBUG :: question type ----- activate black power
16:10:41 :: DEBUG :: data -------------- [0, 1]
16:10:41 :: DEBUG :: response index ---- 0
16:10:41 :: DEBUG :: response ---------- 0
16:10:41 :: DEBUG :: fantom answers
16:10:41 :: DEBUG :: question type ----- select character
16:10:41 :: DEBUG :: data -------------- [{'color': 'blue', 'suspect': True, 'position': 1, 'power': False}, {'color': 'white', 'suspect': False, 'position': 3, 'power': False}, {'color': 'grey', 'suspect': False, 'position': 9, 'power': False}]
16:10:41 :: DEBUG :: response index ---- 2
16:10:41 :: DEBUG :: response ---------- {'color': 'grey', 'suspect': False, 'position': 9, 'power': False}
16:10:41 :: DEBUG :: fantom answers
16:10:41 :: DEBUG :: question type ----- select position
16:10:41 :: DEBUG :: data -------------- [4, 6, 7, 8, 9]
16:10:41 :: DEBUG :: response index ---- 0
16:10:41 :: DEBUG :: response ---------- 4
16:10:41 :: DEBUG :: fantom answers
16:10:41 :: DEBUG :: question type ----- grey character power
16:10:41 :: DEBUG :: data -------------- [0, 1, 2, 3, 4, 5, 6, 7, 9]
16:10:41 :: DEBUG :: response index ---- 8
16:10:41 :: DEBUG :: response ---------- 9
16:10:41 :: DEBUG :: fantom answers
16:10:41 :: DEBUG :: question type ----- select character
16:10:41 :: DEBUG :: data -------------- [{'color': 'blue', 'suspect': True, 'position': 1, 'power': False}, {'color': 'white', 'suspect': False, 'position': 3, 'power': False}]
16:10:41 :: DEBUG :: response index ---- 1
16:10:41 :: DEBUG :: response ---------- {'color': 'white', 'suspect': False, 'position': 3, 'power': False}
16:10:41 :: DEBUG :: fantom answers
16:10:41 :: DEBUG :: question type ----- select position
16:10:41 :: DEBUG :: data -------------- [1, 2, 3]
16:10:41 :: DEBUG :: response index ---- 2
16:10:41 :: DEBUG :: response ---------- 3
16:10:41 :: DEBUG :: fantom answers
16:10:41 :: DEBUG :: question type ----- activate white power
16:10:41 :: DEBUG :: data -------------- [0, 1]
16:10:41 :: DEBUG :: response index ---- 0
16:10:41 :: DEBUG :: response ---------- 0
16:10:41 :: DEBUG :: fantom answers
16:10:41 :: DEBUG :: question type ----- select character
16:10:41 :: DEBUG :: data -------------- [{'color': 'black', 'suspect': False, 'position': 3, 'power': False}, {'color': 'red', 'suspect': False, 'position': 7, 'power': False}, {'color': 'purple', 'suspect': True, 'position': 8, 'power': False}, {'color': 'pink', 'suspect': False, 'position': 7, 'power': False}]
16:10:41 :: DEBUG :: response index ---- 1
16:10:41 :: DEBUG :: response ---------- {'color': 'red', 'suspect': False, 'position': 7, 'power': False}
16:10:41 :: DEBUG :: fantom answers
16:10:41 :: DEBUG :: question type ----- select position
16:10:41 :: DEBUG :: data -------------- [3, 5, 6, 7, 8, 9]
16:10:41 :: DEBUG :: response index ---- 3
16:10:41 :: DEBUG :: response ---------- 7
16:10:42 :: DEBUG :: fantom answers
16:10:42 :: DEBUG :: question type ----- select character
16:10:42 :: DEBUG :: data -------------- [{'color': 'pink', 'suspect': False, 'position': 7, 'power': False}]
16:10:42 :: DEBUG :: response index ---- 0
16:10:42 :: DEBUG :: response ---------- {'color': 'pink', 'suspect': False, 'position': 7, 'power': False}
16:10:42 :: DEBUG :: fantom answers
16:10:42 :: DEBUG :: question type ----- select position
16:10:42 :: DEBUG :: data -------------- [0, 1, 2, 3, 4, 5, 6, 7, 8, 9]
16:10:42 :: DEBUG :: response index ---- 7
16:10:42 :: DEBUG :: response ---------- 7
